# JRE version: OpenJDK Runtime Environment (8.0_242-b01) (build 1.8.0_242-release-1644-b01)
# Java VM: OpenJDK 64-Bit Server VM (25.242-b01 mixed mode windows-amd64 compressed oops)
Heap:
 PSYoungGen      total 525312K, used 387857K [0x00000000d5580000, 0x00000000ff080000, 0x0000000100000000)
  eden space 403456K, 73% used [0x00000000d5580000,0x00000000e7639240,0x00000000edf80000)
  from space 121856K, 75% used [0x00000000f7980000,0x00000000fd38b570,0x00000000ff080000)
  to   space 139776K, 0% used [0x00000000edf80000,0x00000000edf80000,0x00000000f6800000)
 ParOldGen       total 247296K, used 199754K [0x0000000080000000, 0x000000008f180000, 0x00000000d5580000)
  object space 247296K, 80% used [0x0000000080000000,0x000000008c312bc8,0x000000008f180000)
 Metaspace       used 98085K, capacity 104446K, committed 104600K, reserved 1140736K
  class space    used 12533K, capacity 13626K, committed 13736K, reserved 1048576K
GC Heap History (10 events):
Event: 10415.998 GC heap before
{Heap before GC invocations=34 (full 4):
 PSYoungGen      total 549376K, used 548887K [0x00000000d5580000, 0x0000000100000000, 0x0000000100000000)
  eden space 450048K, 100% used [0x00000000d5580000,0x00000000f0d00000,0x00000000f0d00000)
  from space 99328K, 99% used [0x00000000f0d00000,0x00000000f6d85c28,0x00000000f6e00000)
  to   space 133632K, 0% used [0x00000000f7d80000,0x00000000f7d80000,0x0000000100000000)
 ParOldGen       total 247296K, used 199730K [0x0000000080000000, 0x000000008f180000, 0x00000000d5580000)
  object space 247296K, 80% used [0x0000000080000000,0x000000008c30cbc8,0x000000008f180000)
 Metaspace       used 97584K, capacity 103948K, committed 104216K, reserved 1140736K
  class space    used 12526K, capacity 13583K, committed 13608K, reserved 1048576K
Event: 10416.123 GC heap after
Heap after GC invocations=34 (full 4):
 PSYoungGen      total 564224K, used 76169K [0x00000000d5580000, 0x00000000ffe80000, 0x0000000100000000)
  eden space 432128K, 0% used [0x00000000d5580000,0x00000000d5580000,0x00000000efb80000)
  from space 132096K, 57% used [0x00000000f7d80000,0x00000000fc7e24a8,0x00000000ffe80000)
  to   space 132608K, 0% used [0x00000000efb80000,0x00000000efb80000,0x00000000f7d00000)
 ParOldGen       total 247296K, used 199730K [0x0000000080000000, 0x000000008f180000, 0x00000000d5580000)
  object space 247296K, 80% used [0x0000000080000000,0x000000008c30cbc8,0x000000008f180000)
 Metaspace       used 97584K, capacity 103948K, committed 104216K, reserved 1140736K
  class space    used 12526K, capacity 13583K, committed 13608K, reserved 1048576K
}
Event: 11521.136 GC heap before
{Heap before GC invocations=35 (full 4):
 PSYoungGen      total 564224K, used 508297K [0x00000000d5580000, 0x00000000ffe80000, 0x0000000100000000)
  eden space 432128K, 100% used [0x00000000d5580000,0x00000000efb80000,0x00000000efb80000)
  from space 132096K, 57% used [0x00000000f7d80000,0x00000000fc7e24a8,0x00000000ffe80000)
  to   space 132608K, 0% used [0x00000000efb80000,0x00000000efb80000,0x00000000f7d00000)
 ParOldGen       total 247296K, used 199730K [0x0000000080000000, 0x000000008f180000, 0x00000000d5580000)
  object space 247296K, 80% used [0x0000000080000000,0x000000008c30cbc8,0x000000008f180000)
 Metaspace       used 97660K, capacity 103954K, committed 104216K, reserved 1140736K
  class space    used 12526K, capacity 13584K, committed 13608K, reserved 1048576K
Event: 11521.307 GC heap after
Heap after GC invocations=35 (full 4):
 PSYoungGen      total 487424K, used 71952K [0x00000000d5580000, 0x00000000fe800000, 0x0000000100000000)
  eden space 415232K, 0% used [0x00000000d5580000,0x00000000d5580000,0x00000000eeb00000)
  from space 72192K, 99% used [0x00000000efb80000,0x00000000f41c41a8,0x00000000f4200000)
  to   space 129536K, 0% used [0x00000000f6980000,0x00000000f6980000,0x00000000fe800000)
 ParOldGen       total 247296K, used 199738K [0x0000000080000000, 0x000000008f180000, 0x00000000d5580000)
  object space 247296K, 80% used [0x0000000080000000,0x000000008c30ebc8,0x000000008f180000)
 Metaspace       used 97660K, capacity 103954K, committed 104216K, reserved 1140736K
  class space    used 12526K, capacity 13584K, committed 13608K, reserved 1048576K
}
Event: 11527.335 GC heap before
{Heap before GC invocations=36 (full 4):
 PSYoungGen      total 487424K, used 487184K [0x00000000d5580000, 0x00000000fe800000, 0x0000000100000000)
  eden space 415232K, 100% used [0x00000000d5580000,0x00000000eeb00000,0x00000000eeb00000)
  from space 72192K, 99% used [0x00000000efb80000,0x00000000f41c41a8,0x00000000f4200000)
  to   space 129536K, 0% used [0x00000000f6980000,0x00000000f6980000,0x00000000fe800000)
 ParOldGen       total 247296K, used 199738K [0x0000000080000000, 0x000000008f180000, 0x00000000d5580000)
  object space 247296K, 80% used [0x0000000080000000,0x000000008c30ebc8,0x000000008f180000)
 Metaspace       used 97838K, capacity 104214K, committed 104600K, reserved 1140736K
  class space    used 12530K, capacity 13622K, committed 13736K, reserved 1048576K
Event: 11527.496 GC heap after
Heap after GC invocations=36 (full 4):
 PSYoungGen      total 549376K, used 67301K [0x00000000d5580000, 0x00000000ffe00000, 0x0000000100000000)
  eden space 419840K, 0% used [0x00000000d5580000,0x00000000d5580000,0x00000000eef80000)
  from space 129536K, 51% used [0x00000000f6980000,0x00000000fab39570,0x00000000fe800000)
  to   space 124928K, 0% used [0x00000000eef80000,0x00000000eef80000,0x00000000f6980000)
 ParOldGen       total 247296K, used 199746K [0x0000000080000000, 0x000000008f180000, 0x00000000d5580000)
  object space 247296K, 80% used [0x0000000080000000,0x000000008c310bc8,0x000000008f180000)
 Metaspace       used 97838K, capacity 104214K, committed 104600K, reserved 1140736K
  class space    used 12530K, capacity 13622K, committed 13736K, reserved 1048576K
}
Event: 11558.115 GC heap before
{Heap before GC invocations=37 (full 4):
 PSYoungGen      total 549376K, used 487141K [0x00000000d5580000, 0x00000000ffe00000, 0x0000000100000000)
  eden space 419840K, 100% used [0x00000000d5580000,0x00000000eef80000,0x00000000eef80000)
  from space 129536K, 51% used [0x00000000f6980000,0x00000000fab39570,0x00000000fe800000)
  to   space 124928K, 0% used [0x00000000eef80000,0x00000000eef80000,0x00000000f6980000)
 ParOldGen       total 247296K, used 199746K [0x0000000080000000, 0x000000008f180000, 0x00000000d5580000)
  object space 247296K, 80% used [0x0000000080000000,0x000000008c310bc8,0x000000008f180000)
 Metaspace       used 97979K, capacity 104424K, committed 104600K, reserved 1140736K
  class space    used 12532K, capacity 13623K, committed 13736K, reserved 1048576K
Event: 11558.319 GC heap after
Heap after GC invocations=37 (full 4):
 PSYoungGen      total 544768K, used 114539K [0x00000000d5580000, 0x0000000100000000, 0x0000000100000000)
  eden space 419840K, 0% used [0x00000000d5580000,0x00000000d5580000,0x00000000eef80000)
  from space 124928K, 91% used [0x00000000eef80000,0x00000000f5f5ad90,0x00000000f6980000)
  to   space 137728K, 0% used [0x00000000f7980000,0x00000000f7980000,0x0000000100000000)
 ParOldGen       total 247296K, used 199754K [0x0000000080000000, 0x000000008f180000, 0x00000000d5580000)
  object space 247296K, 80% used [0x0000000080000000,0x000000008c312bc8,0x000000008f180000)
 Metaspace       used 97979K, capacity 104424K, committed 104600K, reserved 1140736K
  class space    used 12532K, capacity 13623K, committed 13736K, reserved 1048576K
}
Event: 11656.625 GC heap before
{Heap before GC invocations=38 (full 4):
 PSYoungGen      total 544768K, used 534379K [0x00000000d5580000, 0x0000000100000000, 0x0000000100000000)
  eden space 419840K, 100% used [0x00000000d5580000,0x00000000eef80000,0x00000000eef80000)
  from space 124928K, 91% used [0x00000000eef80000,0x00000000f5f5ad90,0x00000000f6980000)
  to   space 137728K, 0% used [0x00000000f7980000,0x00000000f7980000,0x0000000100000000)
 ParOldGen       total 247296K, used 199754K [0x0000000080000000, 0x000000008f180000, 0x00000000d5580000)
  object space 247296K, 80% used [0x0000000080000000,0x000000008c312bc8,0x000000008f180000)
 Metaspace       used 98069K, capacity 104446K, committed 104600K, reserved 1140736K
  class space    used 12533K, capacity 13626K, committed 13736K, reserved 1048576K
Event: 11656.767 GC heap after
Heap after GC invocations=38 (full 4):
 PSYoungGen      total 525312K, used 92205K [0x00000000d5580000, 0x00000000ff080000, 0x0000000100000000)
  eden space 403456K, 0% used [0x00000000d5580000,0x00000000d5580000,0x00000000edf80000)
  from space 121856K, 75% used [0x00000000f7980000,0x00000000fd38b570,0x00000000ff080000)
  to   space 139776K, 0% used [0x00000000edf80000,0x00000000edf80000,0x00000000f6800000)
 ParOldGen       total 247296K, used 199754K [0x0000000080000000, 0x000000008f180000, 0x00000000d5580000)
  object space 247296K, 80% used [0x0000000080000000,0x000000008c312bc8,0x000000008f180000)
 Metaspace       used 98069K, capacity 104446K, committed 104600K, reserved 1140736K
  class space    used 12533K, capacity 13626K, committed 13736K, reserved 1048576K
}

