# JRE version: Java(TM) SE Runtime Environment (20.0.2+9) (build 20.0.2+9-78)
# Java VM: Java HotSpot(TM) 64-Bit Server VM (20.0.2+9-78, mixed mode, sharing, tiered, compressed oops, compressed class ptrs, g1 gc, windows-amd64)
GC Precious Log:
 CardTable entry size: 512
 Card Set container configuration: InlinePtr #cards 5 size 8 Array Of Cards #cards 12 size 40 Howl #buckets 4 coarsen threshold 1843 Howl Bitmap #cards 512 size 80 coarsen threshold 460 Card regions per heap region 1 cards per card region 2048
 CPUs: 4 total, 4 available
 Memory: 8053M
 Large Page Support: Disabled
 NUMA Support: Disabled
 Compressed Oops: Enabled (32-bit)
 Heap Region Size: 1M
 Heap Min Capacity: 8M
 Heap Initial Capacity: 126M
 Heap Max Capacity: 2G
 Pre-touch: Disabled
 Parallel Workers: 4
 Concurrent Workers: 1
 Concurrent Refinement Workers: 4
 Periodic GC: Disabled
Heap:
 garbage-first heap   total 500736K, used 275158K [0x0000000080000000, 0x0000000100000000)
  region size 1024K, 36 young (36864K), 14 survivors (14336K)
 Metaspace       used 135772K, committed 138368K, reserved 1179648K
  class space    used 17592K, committed 18944K, reserved 1048576K
GC Heap History (20 events):
Event: 905.717 GC heap after
{Heap after GC invocations=170 (full 0):
 garbage-first heap   total 500736K, used 279098K [0x0000000080000000, 0x0000000100000000)
  region size 1024K, 5 young (5120K), 5 survivors (5120K)
 Metaspace       used 135181K, committed 137792K, reserved 1179648K
  class space    used 17580K, committed 18944K, reserved 1048576K
}
Event: 906.306 GC heap before
{Heap before GC invocations=170 (full 0):
 garbage-first heap   total 500736K, used 469562K [0x0000000080000000, 0x0000000100000000)
  region size 1024K, 191 young (195584K), 5 survivors (5120K)
 Metaspace       used 135300K, committed 137920K, reserved 1179648K
  class space    used 17588K, committed 18944K, reserved 1048576K
}
Event: 906.316 GC heap after
{Heap after GC invocations=171 (full 0):
 garbage-first heap   total 500736K, used 283547K [0x0000000080000000, 0x0000000100000000)
  region size 1024K, 9 young (9216K), 9 survivors (9216K)
 Metaspace       used 135300K, committed 137920K, reserved 1179648K
  class space    used 17588K, committed 18944K, reserved 1048576K
}
Event: 907.573 GC heap before
{Heap before GC invocations=172 (full 0):
 garbage-first heap   total 500736K, used 464795K [0x0000000080000000, 0x0000000100000000)
  region size 1024K, 187 young (191488K), 9 survivors (9216K)
 Metaspace       used 135318K, committed 137920K, reserved 1179648K
  class space    used 17589K, committed 18944K, reserved 1048576K
}
Event: 907.589 GC heap after
{Heap after GC invocations=173 (full 0):
 garbage-first heap   total 500736K, used 288768K [0x0000000080000000, 0x0000000100000000)
  region size 1024K, 14 young (14336K), 14 survivors (14336K)
 Metaspace       used 135318K, committed 137920K, reserved 1179648K
  class space    used 17589K, committed 18944K, reserved 1048576K
}
Event: 908.416 GC heap before
{Heap before GC invocations=173 (full 0):
 garbage-first heap   total 500736K, used 462848K [0x0000000080000000, 0x0000000100000000)
  region size 1024K, 182 young (186368K), 14 survivors (14336K)
 Metaspace       used 135335K, committed 137920K, reserved 1179648K
  class space    used 17589K, committed 18944K, reserved 1048576K
}
Event: 908.431 GC heap after
{Heap after GC invocations=174 (full 0):
 garbage-first heap   total 500736K, used 267300K [0x0000000080000000, 0x0000000100000000)
  region size 1024K, 8 young (8192K), 8 survivors (8192K)
 Metaspace       used 135335K, committed 137920K, reserved 1179648K
  class space    used 17589K, committed 18944K, reserved 1048576K
}
Event: 909.192 GC heap before
{Heap before GC invocations=174 (full 0):
 garbage-first heap   total 500736K, used 465956K [0x0000000080000000, 0x0000000100000000)
  region size 1024K, 202 young (206848K), 8 survivors (8192K)
 Metaspace       used 135342K, committed 137984K, reserved 1179648K
  class space    used 17589K, committed 18944K, reserved 1048576K
}
Event: 909.211 GC heap after
{Heap after GC invocations=175 (full 0):
 garbage-first heap   total 500736K, used 280118K [0x0000000080000000, 0x0000000100000000)
  region size 1024K, 20 young (20480K), 20 survivors (20480K)
 Metaspace       used 135342K, committed 137984K, reserved 1179648K
  class space    used 17589K, committed 18944K, reserved 1048576K
}
Event: 910.028 GC heap before
{Heap before GC invocations=176 (full 0):
 garbage-first heap   total 500736K, used 454198K [0x0000000080000000, 0x0000000100000000)
  region size 1024K, 190 young (194560K), 20 survivors (20480K)
 Metaspace       used 135343K, committed 137984K, reserved 1179648K
  class space    used 17589K, committed 18944K, reserved 1048576K
}
Event: 910.044 GC heap after
{Heap after GC invocations=177 (full 0):
 garbage-first heap   total 500736K, used 281384K [0x0000000080000000, 0x0000000100000000)
  region size 1024K, 4 young (4096K), 4 survivors (4096K)
 Metaspace       used 135343K, committed 137984K, reserved 1179648K
  class space    used 17589K, committed 18944K, reserved 1048576K
}
Event: 910.453 GC heap before
{Heap before GC invocations=177 (full 0):
 garbage-first heap   total 500736K, used 469800K [0x0000000080000000, 0x0000000100000000)
  region size 1024K, 188 young (192512K), 4 survivors (4096K)
 Metaspace       used 135349K, committed 137984K, reserved 1179648K
  class space    used 17590K, committed 18944K, reserved 1048576K
}
Event: 910.464 GC heap after
{Heap after GC invocations=178 (full 0):
 garbage-first heap   total 500736K, used 269824K [0x0000000080000000, 0x0000000100000000)
  region size 1024K, 4 young (4096K), 4 survivors (4096K)
 Metaspace       used 135349K, committed 137984K, reserved 1179648K
  class space    used 17590K, committed 18944K, reserved 1048576K
}
Event: 910.904 GC heap before
{Heap before GC invocations=178 (full 0):
 garbage-first heap   total 500736K, used 470528K [0x0000000080000000, 0x0000000100000000)
  region size 1024K, 200 young (204800K), 4 survivors (4096K)
 Metaspace       used 135354K, committed 137984K, reserved 1179648K
  class space    used 17590K, committed 18944K, reserved 1048576K
}
Event: 910.918 GC heap after
{Heap after GC invocations=179 (full 0):
 garbage-first heap   total 500736K, used 272508K [0x0000000080000000, 0x0000000100000000)
  region size 1024K, 7 young (7168K), 7 survivors (7168K)
 Metaspace       used 135354K, committed 137984K, reserved 1179648K
  class space    used 17590K, committed 18944K, reserved 1048576K
}
Event: 911.840 GC heap before
{Heap before GC invocations=180 (full 0):
 garbage-first heap   total 500736K, used 462972K [0x0000000080000000, 0x0000000100000000)
  region size 1024K, 197 young (201728K), 7 survivors (7168K)
 Metaspace       used 135523K, committed 138112K, reserved 1179648K
  class space    used 17591K, committed 18944K, reserved 1048576K
}
Event: 911.850 GC heap after
{Heap after GC invocations=181 (full 0):
 garbage-first heap   total 500736K, used 270384K [0x0000000080000000, 0x0000000100000000)
  region size 1024K, 9 young (9216K), 9 survivors (9216K)
 Metaspace       used 135523K, committed 138112K, reserved 1179648K
  class space    used 17591K, committed 18944K, reserved 1048576K
}
Event: 912.461 GC heap before
{Heap before GC invocations=181 (full 0):
 garbage-first heap   total 500736K, used 464944K [0x0000000080000000, 0x0000000100000000)
  region size 1024K, 199 young (203776K), 9 survivors (9216K)
 Metaspace       used 135772K, committed 138368K, reserved 1179648K
  class space    used 17592K, committed 18944K, reserved 1048576K
}
Event: 912.477 GC heap after
{Heap after GC invocations=182 (full 0):
 garbage-first heap   total 500736K, used 253140K [0x0000000080000000, 0x0000000100000000)
  region size 1024K, 13 young (13312K), 13 survivors (13312K)
 Metaspace       used 135772K, committed 138368K, reserved 1179648K
  class space    used 17592K, committed 18944K, reserved 1048576K
}
Event: 912.522 GC heap before
{Heap before GC invocations=182 (full 0):
 garbage-first heap   total 500736K, used 274644K [0x0000000080000000, 0x0000000100000000)
  region size 1024K, 35 young (35840K), 13 survivors (13312K)
 Metaspace       used 135772K, committed 138368K, reserved 1179648K
  class space    used 17592K, committed 18944K, reserved 1048576K
}

