# JRE version: Java(TM) SE Runtime Environment (8.0_311-b11) (build 1.8.0_311-b11)
# Java VM: Java HotSpot(TM) 64-Bit Server VM (25.311-b11 mixed mode windows-amd64 compressed oops)
Heap:
 PSYoungGen      total 282112K, used 15357K [0x00000000d5580000, 0x00000000e8680000, 0x0000000100000000)
  eden space 266752K, 0% used [0x00000000d5580000,0x00000000d5580000,0x00000000e5a00000)
  from space 15360K, 99% used [0x00000000e6f00000,0x00000000e7dff728,0x00000000e7e00000)
  to   space 21504K, 0% used [0x00000000e5a00000,0x00000000e5a00000,0x00000000e6f00000)
 ParOldGen       total 86528K, used 28209K [0x0000000080000000, 0x0000000085480000, 0x00000000d5580000)
  object space 86528K, 32% used [0x0000000080000000,0x0000000081b8c7b0,0x0000000085480000)
 Metaspace       used 56451K, capacity 58956K, committed 59096K, reserved 1099776K
  class space    used 7860K, capacity 8352K, committed 8408K, reserved 1048576K
GC Heap History (10 events):
Event: 2.825 GC heap after
Heap after GC invocations=8 (full 1):
 PSYoungGen      total 141824K, used 11246K [0x00000000d5580000, 0x00000000e3b00000, 0x0000000100000000)
  eden space 130560K, 0% used [0x00000000d5580000,0x00000000d5580000,0x00000000dd500000)
  from space 11264K, 99% used [0x00000000dd500000,0x00000000ddffb820,0x00000000de000000)
  to   space 13824K, 0% used [0x00000000e2d80000,0x00000000e2d80000,0x00000000e3b00000)
 ParOldGen       total 60928K, used 11259K [0x0000000080000000, 0x0000000083b80000, 0x00000000d5580000)
  object space 60928K, 18% used [0x0000000080000000,0x0000000080afefe0,0x0000000083b80000)
 Metaspace       used 32221K, capacity 33452K, committed 33664K, reserved 1077248K
  class space    used 4590K, capacity 4897K, committed 4992K, reserved 1048576K
}
Event: 3.011 GC heap before
{Heap before GC invocations=9 (full 1):
 PSYoungGen      total 141824K, used 42277K [0x00000000d5580000, 0x00000000e3b00000, 0x0000000100000000)
  eden space 130560K, 23% used [0x00000000d5580000,0x00000000d73cdce0,0x00000000dd500000)
  from space 11264K, 99% used [0x00000000dd500000,0x00000000ddffb820,0x00000000de000000)
  to   space 13824K, 0% used [0x00000000e2d80000,0x00000000e2d80000,0x00000000e3b00000)
 ParOldGen       total 60928K, used 11259K [0x0000000080000000, 0x0000000083b80000, 0x00000000d5580000)
  object space 60928K, 18% used [0x0000000080000000,0x0000000080afefe0,0x0000000083b80000)
 Metaspace       used 34059K, capacity 35372K, committed 35456K, reserved 1079296K
  class space    used 4894K, capacity 5185K, committed 5248K, reserved 1048576K
Event: 3.021 GC heap after
Heap after GC invocations=9 (full 1):
 PSYoungGen      total 221696K, used 7433K [0x00000000d5580000, 0x00000000e4380000, 0x0000000100000000)
  eden space 207872K, 0% used [0x00000000d5580000,0x00000000d5580000,0x00000000e2080000)
  from space 13824K, 53% used [0x00000000e2d80000,0x00000000e34c2720,0x00000000e3b00000)
  to   space 13312K, 0% used [0x00000000e2080000,0x00000000e2080000,0x00000000e2d80000)
 ParOldGen       total 60928K, used 11267K [0x0000000080000000, 0x0000000083b80000, 0x00000000d5580000)
  object space 60928K, 18% used [0x0000000080000000,0x0000000080b00fe0,0x0000000083b80000)
 Metaspace       used 34059K, capacity 35372K, committed 35456K, reserved 1079296K
  class space    used 4894K, capacity 5185K, committed 5248K, reserved 1048576K
}
Event: 3.021 GC heap before
{Heap before GC invocations=10 (full 2):
 PSYoungGen      total 221696K, used 7433K [0x00000000d5580000, 0x00000000e4380000, 0x0000000100000000)
  eden space 207872K, 0% used [0x00000000d5580000,0x00000000d5580000,0x00000000e2080000)
  from space 13824K, 53% used [0x00000000e2d80000,0x00000000e34c2720,0x00000000e3b00000)
  to   space 13312K, 0% used [0x00000000e2080000,0x00000000e2080000,0x00000000e2d80000)
 ParOldGen       total 60928K, used 11267K [0x0000000080000000, 0x0000000083b80000, 0x00000000d5580000)
  object space 60928K, 18% used [0x0000000080000000,0x0000000080b00fe0,0x0000000083b80000)
 Metaspace       used 34059K, capacity 35372K, committed 35456K, reserved 1079296K
  class space    used 4894K, capacity 5185K, committed 5248K, reserved 1048576K
Event: 3.055 GC heap after
Heap after GC invocations=10 (full 2):
 PSYoungGen      total 221696K, used 0K [0x00000000d5580000, 0x00000000e4380000, 0x0000000100000000)
  eden space 207872K, 0% used [0x00000000d5580000,0x00000000d5580000,0x00000000e2080000)
  from space 13824K, 0% used [0x00000000e2d80000,0x00000000e2d80000,0x00000000e3b00000)
  to   space 13312K, 0% used [0x00000000e2080000,0x00000000e2080000,0x00000000e2d80000)
 ParOldGen       total 86528K, used 14815K [0x0000000080000000, 0x0000000085480000, 0x00000000d5580000)
  object space 86528K, 17% used [0x0000000080000000,0x0000000080e77dc0,0x0000000085480000)
 Metaspace       used 34059K, capacity 35372K, committed 35456K, reserved 1079296K
  class space    used 4894K, capacity 5185K, committed 5248K, reserved 1048576K
}
Event: 4.178 GC heap before
{Heap before GC invocations=11 (full 2):
 PSYoungGen      total 221696K, used 207872K [0x00000000d5580000, 0x00000000e4380000, 0x0000000100000000)
  eden space 207872K, 100% used [0x00000000d5580000,0x00000000e2080000,0x00000000e2080000)
  from space 13824K, 0% used [0x00000000e2d80000,0x00000000e2d80000,0x00000000e3b00000)
  to   space 13312K, 0% used [0x00000000e2080000,0x00000000e2080000,0x00000000e2d80000)
 ParOldGen       total 86528K, used 14815K [0x0000000080000000, 0x0000000085480000, 0x00000000d5580000)
  object space 86528K, 17% used [0x0000000080000000,0x0000000080e77dc0,0x0000000085480000)
 Metaspace       used 43437K, capacity 45538K, committed 45952K, reserved 1089536K
  class space    used 6059K, capacity 6455K, committed 6528K, reserved 1048576K
Event: 4.193 GC heap after
Heap after GC invocations=11 (full 2):
 PSYoungGen      total 221184K, used 13287K [0x00000000d5580000, 0x00000000e7e00000, 0x0000000100000000)
  eden space 207872K, 0% used [0x00000000d5580000,0x00000000d5580000,0x00000000e2080000)
  from space 13312K, 99% used [0x00000000e2080000,0x00000000e2d79d18,0x00000000e2d80000)
  to   space 15360K, 0% used [0x00000000e6f00000,0x00000000e6f00000,0x00000000e7e00000)
 ParOldGen       total 86528K, used 16194K [0x0000000080000000, 0x0000000085480000, 0x00000000d5580000)
  object space 86528K, 18% used [0x0000000080000000,0x0000000080fd0928,0x0000000085480000)
 Metaspace       used 43437K, capacity 45538K, committed 45952K, reserved 1089536K
  class space    used 6059K, capacity 6455K, committed 6528K, reserved 1048576K
}
Event: 5.631 GC heap before
{Heap before GC invocations=12 (full 2):
 PSYoungGen      total 221184K, used 195458K [0x00000000d5580000, 0x00000000e7e00000, 0x0000000100000000)
  eden space 207872K, 87% used [0x00000000d5580000,0x00000000e0766c78,0x00000000e2080000)
  from space 13312K, 99% used [0x00000000e2080000,0x00000000e2d79d18,0x00000000e2d80000)
  to   space 15360K, 0% used [0x00000000e6f00000,0x00000000e6f00000,0x00000000e7e00000)
 ParOldGen       total 86528K, used 16194K [0x0000000080000000, 0x0000000085480000, 0x00000000d5580000)
  object space 86528K, 18% used [0x0000000080000000,0x0000000080fd0928,0x0000000085480000)
 Metaspace       used 56451K, capacity 58956K, committed 59096K, reserved 1099776K
  class space    used 7860K, capacity 8352K, committed 8408K, reserved 1048576K
Event: 5.653 GC heap after
Heap after GC invocations=12 (full 2):
 PSYoungGen      total 282112K, used 15357K [0x00000000d5580000, 0x00000000e8680000, 0x0000000100000000)
  eden space 266752K, 0% used [0x00000000d5580000,0x00000000d5580000,0x00000000e5a00000)
  from space 15360K, 99% used [0x00000000e6f00000,0x00000000e7dff728,0x00000000e7e00000)
  to   space 21504K, 0% used [0x00000000e5a00000,0x00000000e5a00000,0x00000000e6f00000)
 ParOldGen       total 86528K, used 28209K [0x0000000080000000, 0x0000000085480000, 0x00000000d5580000)
  object space 86528K, 32% used [0x0000000080000000,0x0000000081b8c7b0,0x0000000085480000)
 Metaspace       used 56451K, capacity 58956K, committed 59096K, reserved 1099776K
  class space    used 7860K, capacity 8352K, committed 8408K, reserved 1048576K
}
Event: 5.653 GC heap before
{Heap before GC invocations=13 (full 3):
 PSYoungGen      total 282112K, used 15357K [0x00000000d5580000, 0x00000000e8680000, 0x0000000100000000)
  eden space 266752K, 0% used [0x00000000d5580000,0x00000000d5580000,0x00000000e5a00000)
  from space 15360K, 99% used [0x00000000e6f00000,0x00000000e7dff728,0x00000000e7e00000)
  to   space 21504K, 0% used [0x00000000e5a00000,0x00000000e5a00000,0x00000000e6f00000)
 ParOldGen       total 86528K, used 28209K [0x0000000080000000, 0x0000000085480000, 0x00000000d5580000)
  object space 86528K, 32% used [0x0000000080000000,0x0000000081b8c7b0,0x0000000085480000)
 Metaspace       used 56451K, capacity 58956K, committed 59096K, reserved 1099776K
  class space    used 7860K, capacity 8352K, committed 8408K, reserved 1048576K

