# JRE version: Java(TM) SE Runtime Environment (8.0_311-b11) (build 1.8.0_311-b11)
# Java VM: Java HotSpot(TM) 64-Bit Server VM (25.311-b11 mixed mode windows-amd64 compressed oops)
Heap:
 PSYoungGen      total 279552K, used 15348K [0x00000000d5580000, 0x00000000e8880000, 0x0000000100000000)
  eden space 264192K, 0% used [0x00000000d5580000,0x00000000d5580000,0x00000000e5780000)
  from space 15360K, 99% used [0x00000000e6c80000,0x00000000e7b7d330,0x00000000e7b80000)
  to   space 21504K, 0% used [0x00000000e5780000,0x00000000e5780000,0x00000000e6c80000)
 ParOldGen       total 85504K, used 28807K [0x0000000080000000, 0x0000000085380000, 0x00000000d5580000)
  object space 85504K, 33% used [0x0000000080000000,0x0000000081c21fa8,0x0000000085380000)
 Metaspace       used 56469K, capacity 58970K, committed 59096K, reserved 1099776K
  class space    used 7865K, capacity 8317K, committed 8320K, reserved 1048576K
GC Heap History (10 events):
Event: 4.026 GC heap after
Heap after GC invocations=8 (full 1):
 PSYoungGen      total 141824K, used 11239K [0x00000000d5580000, 0x00000000e3980000, 0x0000000100000000)
  eden space 130560K, 0% used [0x00000000d5580000,0x00000000d5580000,0x00000000dd500000)
  from space 11264K, 99% used [0x00000000dd500000,0x00000000ddff9e38,0x00000000de000000)
  to   space 13824K, 0% used [0x00000000e2c00000,0x00000000e2c00000,0x00000000e3980000)
 ParOldGen       total 60416K, used 11200K [0x0000000080000000, 0x0000000083b00000, 0x00000000d5580000)
  object space 60416K, 18% used [0x0000000080000000,0x0000000080af0020,0x0000000083b00000)
 Metaspace       used 32244K, capacity 33516K, committed 33664K, reserved 1077248K
  class space    used 4592K, capacity 4897K, committed 4992K, reserved 1048576K
}
Event: 4.255 GC heap before
{Heap before GC invocations=9 (full 1):
 PSYoungGen      total 141824K, used 41928K [0x00000000d5580000, 0x00000000e3980000, 0x0000000100000000)
  eden space 130560K, 23% used [0x00000000d5580000,0x00000000d7378228,0x00000000dd500000)
  from space 11264K, 99% used [0x00000000dd500000,0x00000000ddff9e38,0x00000000de000000)
  to   space 13824K, 0% used [0x00000000e2c00000,0x00000000e2c00000,0x00000000e3980000)
 ParOldGen       total 60416K, used 11200K [0x0000000080000000, 0x0000000083b00000, 0x00000000d5580000)
  object space 60416K, 18% used [0x0000000080000000,0x0000000080af0020,0x0000000083b00000)
 Metaspace       used 34076K, capacity 35372K, committed 35456K, reserved 1079296K
  class space    used 4897K, capacity 5185K, committed 5248K, reserved 1048576K
Event: 4.261 GC heap after
Heap after GC invocations=9 (full 1):
 PSYoungGen      total 220672K, used 7577K [0x00000000d5580000, 0x00000000e3a00000, 0x0000000100000000)
  eden space 206848K, 0% used [0x00000000d5580000,0x00000000d5580000,0x00000000e1f80000)
  from space 13824K, 54% used [0x00000000e2c00000,0x00000000e3366710,0x00000000e3980000)
  to   space 12800K, 0% used [0x00000000e1f80000,0x00000000e1f80000,0x00000000e2c00000)
 ParOldGen       total 60416K, used 11200K [0x0000000080000000, 0x0000000083b00000, 0x00000000d5580000)
  object space 60416K, 18% used [0x0000000080000000,0x0000000080af0020,0x0000000083b00000)
 Metaspace       used 34076K, capacity 35372K, committed 35456K, reserved 1079296K
  class space    used 4897K, capacity 5185K, committed 5248K, reserved 1048576K
}
Event: 4.261 GC heap before
{Heap before GC invocations=10 (full 2):
 PSYoungGen      total 220672K, used 7577K [0x00000000d5580000, 0x00000000e3a00000, 0x0000000100000000)
  eden space 206848K, 0% used [0x00000000d5580000,0x00000000d5580000,0x00000000e1f80000)
  from space 13824K, 54% used [0x00000000e2c00000,0x00000000e3366710,0x00000000e3980000)
  to   space 12800K, 0% used [0x00000000e1f80000,0x00000000e1f80000,0x00000000e2c00000)
 ParOldGen       total 60416K, used 11200K [0x0000000080000000, 0x0000000083b00000, 0x00000000d5580000)
  object space 60416K, 18% used [0x0000000080000000,0x0000000080af0020,0x0000000083b00000)
 Metaspace       used 34076K, capacity 35372K, committed 35456K, reserved 1079296K
  class space    used 4897K, capacity 5185K, committed 5248K, reserved 1048576K
Event: 4.298 GC heap after
Heap after GC invocations=10 (full 2):
 PSYoungGen      total 220672K, used 0K [0x00000000d5580000, 0x00000000e3a00000, 0x0000000100000000)
  eden space 206848K, 0% used [0x00000000d5580000,0x00000000d5580000,0x00000000e1f80000)
  from space 13824K, 0% used [0x00000000e2c00000,0x00000000e2c00000,0x00000000e3980000)
  to   space 12800K, 0% used [0x00000000e1f80000,0x00000000e1f80000,0x00000000e2c00000)
 ParOldGen       total 85504K, used 14861K [0x0000000080000000, 0x0000000085380000, 0x00000000d5580000)
  object space 85504K, 17% used [0x0000000080000000,0x0000000080e83490,0x0000000085380000)
 Metaspace       used 34076K, capacity 35372K, committed 35456K, reserved 1079296K
  class space    used 4897K, capacity 5185K, committed 5248K, reserved 1048576K
}
Event: 6.326 GC heap before
{Heap before GC invocations=11 (full 2):
 PSYoungGen      total 220672K, used 206848K [0x00000000d5580000, 0x00000000e3a00000, 0x0000000100000000)
  eden space 206848K, 100% used [0x00000000d5580000,0x00000000e1f80000,0x00000000e1f80000)
  from space 13824K, 0% used [0x00000000e2c00000,0x00000000e2c00000,0x00000000e3980000)
  to   space 12800K, 0% used [0x00000000e1f80000,0x00000000e1f80000,0x00000000e2c00000)
 ParOldGen       total 85504K, used 14861K [0x0000000080000000, 0x0000000085380000, 0x00000000d5580000)
  object space 85504K, 17% used [0x0000000080000000,0x0000000080e83490,0x0000000085380000)
 Metaspace       used 43475K, capacity 45520K, committed 45696K, reserved 1089536K
  class space    used 6068K, capacity 6452K, committed 6528K, reserved 1048576K
Event: 6.340 GC heap after
Heap after GC invocations=11 (full 2):
 PSYoungGen      total 219648K, used 12791K [0x00000000d5580000, 0x00000000e7b80000, 0x0000000100000000)
  eden space 206848K, 0% used [0x00000000d5580000,0x00000000d5580000,0x00000000e1f80000)
  from space 12800K, 99% used [0x00000000e1f80000,0x00000000e2bfdea8,0x00000000e2c00000)
  to   space 15360K, 0% used [0x00000000e6c80000,0x00000000e6c80000,0x00000000e7b80000)
 ParOldGen       total 85504K, used 16720K [0x0000000080000000, 0x0000000085380000, 0x00000000d5580000)
  object space 85504K, 19% used [0x0000000080000000,0x00000000810543a0,0x0000000085380000)
 Metaspace       used 43475K, capacity 45520K, committed 45696K, reserved 1089536K
  class space    used 6068K, capacity 6452K, committed 6528K, reserved 1048576K
}
Event: 7.876 GC heap before
{Heap before GC invocations=12 (full 2):
 PSYoungGen      total 219648K, used 195186K [0x00000000d5580000, 0x00000000e7b80000, 0x0000000100000000)
  eden space 206848K, 88% used [0x00000000d5580000,0x00000000e079e9d8,0x00000000e1f80000)
  from space 12800K, 99% used [0x00000000e1f80000,0x00000000e2bfdea8,0x00000000e2c00000)
  to   space 15360K, 0% used [0x00000000e6c80000,0x00000000e6c80000,0x00000000e7b80000)
 ParOldGen       total 85504K, used 16720K [0x0000000080000000, 0x0000000085380000, 0x00000000d5580000)
  object space 85504K, 19% used [0x0000000080000000,0x00000000810543a0,0x0000000085380000)
 Metaspace       used 56469K, capacity 58970K, committed 59096K, reserved 1099776K
  class space    used 7865K, capacity 8317K, committed 8320K, reserved 1048576K
Event: 7.906 GC heap after
Heap after GC invocations=12 (full 2):
 PSYoungGen      total 279552K, used 15348K [0x00000000d5580000, 0x00000000e8880000, 0x0000000100000000)
  eden space 264192K, 0% used [0x00000000d5580000,0x00000000d5580000,0x00000000e5780000)
  from space 15360K, 99% used [0x00000000e6c80000,0x00000000e7b7d330,0x00000000e7b80000)
  to   space 21504K, 0% used [0x00000000e5780000,0x00000000e5780000,0x00000000e6c80000)
 ParOldGen       total 85504K, used 28807K [0x0000000080000000, 0x0000000085380000, 0x00000000d5580000)
  object space 85504K, 33% used [0x0000000080000000,0x0000000081c21fa8,0x0000000085380000)
 Metaspace       used 56469K, capacity 58970K, committed 59096K, reserved 1099776K
  class space    used 7865K, capacity 8317K, committed 8320K, reserved 1048576K
}
Event: 7.907 GC heap before
{Heap before GC invocations=13 (full 3):
 PSYoungGen      total 279552K, used 15348K [0x00000000d5580000, 0x00000000e8880000, 0x0000000100000000)
  eden space 264192K, 0% used [0x00000000d5580000,0x00000000d5580000,0x00000000e5780000)
  from space 15360K, 99% used [0x00000000e6c80000,0x00000000e7b7d330,0x00000000e7b80000)
  to   space 21504K, 0% used [0x00000000e5780000,0x00000000e5780000,0x00000000e6c80000)
 ParOldGen       total 85504K, used 28807K [0x0000000080000000, 0x0000000085380000, 0x00000000d5580000)
  object space 85504K, 33% used [0x0000000080000000,0x0000000081c21fa8,0x0000000085380000)
 Metaspace       used 56469K, capacity 58970K, committed 59096K, reserved 1099776K
  class space    used 7865K, capacity 8317K, committed 8320K, reserved 1048576K

