# JRE version: Java(TM) SE Runtime Environment (8.0_311-b11) (build 1.8.0_311-b11)
# Java VM: Java HotSpot(TM) 64-Bit Server VM (25.311-b11 mixed mode windows-amd64 compressed oops)
Heap:
 PSYoungGen      total 287232K, used 178297K [0x00000000d5580000, 0x00000000eb080000, 0x0000000100000000)
  eden space 235520K, 70% used [0x00000000d5580000,0x00000000df714e30,0x00000000e3b80000)
  from space 51712K, 24% used [0x00000000e7e00000,0x00000000e8a89718,0x00000000eb080000)
  to   space 59904K, 0% used [0x00000000e3b80000,0x00000000e3b80000,0x00000000e7600000)
 ParOldGen       total 207360K, used 118654K [0x0000000080000000, 0x000000008ca80000, 0x00000000d5580000)
  object space 207360K, 57% used [0x0000000080000000,0x00000000873df9c8,0x000000008ca80000)
 Metaspace       used 142434K, capacity 154468K, committed 154584K, reserved 1183744K
  class space    used 18462K, capacity 20418K, committed 20440K, reserved 1048576K
GC Heap History (10 events):
Event: 26313.478 GC heap before
{Heap before GC invocations=44 (full 4):
 PSYoungGen      total 295424K, used 295244K [0x00000000d5580000, 0x00000000ed200000, 0x0000000100000000)
  eden space 276992K, 100% used [0x00000000d5580000,0x00000000e6400000,0x00000000e6400000)
  from space 18432K, 99% used [0x00000000e6d00000,0x00000000e7ed32a8,0x00000000e7f00000)
  to   space 56320K, 0% used [0x00000000e9b00000,0x00000000e9b00000,0x00000000ed200000)
 ParOldGen       total 207360K, used 112685K [0x0000000080000000, 0x000000008ca80000, 0x00000000d5580000)
  object space 207360K, 54% used [0x0000000080000000,0x0000000086e0b6d0,0x000000008ca80000)
 Metaspace       used 142158K, capacity 154212K, committed 154328K, reserved 1183744K
  class space    used 18456K, capacity 20410K, committed 20440K, reserved 1048576K
Event: 26313.520 GC heap after
Heap after GC invocations=44 (full 4):
 PSYoungGen      total 323072K, used 50419K [0x00000000d5580000, 0x00000000ed100000, 0x0000000100000000)
  eden space 267776K, 0% used [0x00000000d5580000,0x00000000d5580000,0x00000000e5b00000)
  from space 55296K, 91% used [0x00000000e9b00000,0x00000000ecc3cef0,0x00000000ed100000)
  to   space 60416K, 0% used [0x00000000e5b00000,0x00000000e5b00000,0x00000000e9600000)
 ParOldGen       total 207360K, used 118078K [0x0000000080000000, 0x000000008ca80000, 0x00000000d5580000)
  object space 207360K, 56% used [0x0000000080000000,0x000000008734f9c8,0x000000008ca80000)
 Metaspace       used 142158K, capacity 154212K, committed 154328K, reserved 1183744K
  class space    used 18456K, capacity 20410K, committed 20440K, reserved 1048576K
}
Event: 26314.438 GC heap before
{Heap before GC invocations=45 (full 4):
 PSYoungGen      total 323072K, used 318195K [0x00000000d5580000, 0x00000000ed100000, 0x0000000100000000)
  eden space 267776K, 100% used [0x00000000d5580000,0x00000000e5b00000,0x00000000e5b00000)
  from space 55296K, 91% used [0x00000000e9b00000,0x00000000ecc3cef0,0x00000000ed100000)
  to   space 60416K, 0% used [0x00000000e5b00000,0x00000000e5b00000,0x00000000e9600000)
 ParOldGen       total 207360K, used 118078K [0x0000000080000000, 0x000000008ca80000, 0x00000000d5580000)
  object space 207360K, 56% used [0x0000000080000000,0x000000008734f9c8,0x000000008ca80000)
 Metaspace       used 142183K, capacity 154216K, committed 154328K, reserved 1183744K
  class space    used 18456K, capacity 20410K, committed 20440K, reserved 1048576K
Event: 26314.456 GC heap after
Heap after GC invocations=45 (full 4):
 PSYoungGen      total 276480K, used 17052K [0x00000000d5580000, 0x00000000ec980000, 0x0000000100000000)
  eden space 259072K, 0% used [0x00000000d5580000,0x00000000d5580000,0x00000000e5280000)
  from space 17408K, 97% used [0x00000000e5b00000,0x00000000e6ba7280,0x00000000e6c00000)
  to   space 60928K, 0% used [0x00000000e8e00000,0x00000000e8e00000,0x00000000ec980000)
 ParOldGen       total 207360K, used 118526K [0x0000000080000000, 0x000000008ca80000, 0x00000000d5580000)
  object space 207360K, 57% used [0x0000000080000000,0x00000000873bf9c8,0x000000008ca80000)
 Metaspace       used 142183K, capacity 154216K, committed 154328K, reserved 1183744K
  class space    used 18456K, capacity 20410K, committed 20440K, reserved 1048576K
}
Event: 26450.627 GC heap before
{Heap before GC invocations=46 (full 4):
 PSYoungGen      total 276480K, used 276124K [0x00000000d5580000, 0x00000000ec980000, 0x0000000100000000)
  eden space 259072K, 100% used [0x00000000d5580000,0x00000000e5280000,0x00000000e5280000)
  from space 17408K, 97% used [0x00000000e5b00000,0x00000000e6ba7280,0x00000000e6c00000)
  to   space 60928K, 0% used [0x00000000e8e00000,0x00000000e8e00000,0x00000000ec980000)
 ParOldGen       total 207360K, used 118526K [0x0000000080000000, 0x000000008ca80000, 0x00000000d5580000)
  object space 207360K, 57% used [0x0000000080000000,0x00000000873bf9c8,0x000000008ca80000)
 Metaspace       used 142265K, capacity 154348K, committed 154584K, reserved 1183744K
  class space    used 18457K, capacity 20410K, committed 20440K, reserved 1048576K
Event: 26450.648 GC heap after
Heap after GC invocations=46 (full 4):
 PSYoungGen      total 301568K, used 19251K [0x00000000d5580000, 0x00000000ebf80000, 0x0000000100000000)
  eden space 250880K, 0% used [0x00000000d5580000,0x00000000d5580000,0x00000000e4a80000)
  from space 50688K, 37% used [0x00000000e8e00000,0x00000000ea0ccde0,0x00000000ebf80000)
  to   space 59904K, 0% used [0x00000000e4a80000,0x00000000e4a80000,0x00000000e8500000)
 ParOldGen       total 207360K, used 118574K [0x0000000080000000, 0x000000008ca80000, 0x00000000d5580000)
  object space 207360K, 57% used [0x0000000080000000,0x00000000873cb9c8,0x000000008ca80000)
 Metaspace       used 142265K, capacity 154348K, committed 154584K, reserved 1183744K
  class space    used 18457K, capacity 20410K, committed 20440K, reserved 1048576K
}
Event: 26451.421 GC heap before
{Heap before GC invocations=47 (full 4):
 PSYoungGen      total 301568K, used 270131K [0x00000000d5580000, 0x00000000ebf80000, 0x0000000100000000)
  eden space 250880K, 100% used [0x00000000d5580000,0x00000000e4a80000,0x00000000e4a80000)
  from space 50688K, 37% used [0x00000000e8e00000,0x00000000ea0ccde0,0x00000000ebf80000)
  to   space 59904K, 0% used [0x00000000e4a80000,0x00000000e4a80000,0x00000000e8500000)
 ParOldGen       total 207360K, used 118574K [0x0000000080000000, 0x000000008ca80000, 0x00000000d5580000)
  object space 207360K, 57% used [0x0000000080000000,0x00000000873cb9c8,0x000000008ca80000)
 Metaspace       used 142313K, capacity 154356K, committed 154584K, reserved 1183744K
  class space    used 18457K, capacity 20410K, committed 20440K, reserved 1048576K
Event: 26451.433 GC heap after
Heap after GC invocations=47 (full 4):
 PSYoungGen      total 256000K, used 12432K [0x00000000d5580000, 0x00000000eb900000, 0x0000000100000000)
  eden space 243200K, 0% used [0x00000000d5580000,0x00000000d5580000,0x00000000e4300000)
  from space 12800K, 97% used [0x00000000e4a80000,0x00000000e56a4030,0x00000000e5700000)
  to   space 60416K, 0% used [0x00000000e7e00000,0x00000000e7e00000,0x00000000eb900000)
 ParOldGen       total 207360K, used 118622K [0x0000000080000000, 0x000000008ca80000, 0x00000000d5580000)
  object space 207360K, 57% used [0x0000000080000000,0x00000000873d79c8,0x000000008ca80000)
 Metaspace       used 142313K, capacity 154356K, committed 154584K, reserved 1183744K
  class space    used 18457K, capacity 20410K, committed 20440K, reserved 1048576K
}
Event: 27726.840 GC heap before
{Heap before GC invocations=48 (full 4):
 PSYoungGen      total 256000K, used 255632K [0x00000000d5580000, 0x00000000eb900000, 0x0000000100000000)
  eden space 243200K, 100% used [0x00000000d5580000,0x00000000e4300000,0x00000000e4300000)
  from space 12800K, 97% used [0x00000000e4a80000,0x00000000e56a4030,0x00000000e5700000)
  to   space 60416K, 0% used [0x00000000e7e00000,0x00000000e7e00000,0x00000000eb900000)
 ParOldGen       total 207360K, used 118622K [0x0000000080000000, 0x000000008ca80000, 0x00000000d5580000)
  object space 207360K, 57% used [0x0000000080000000,0x00000000873d79c8,0x000000008ca80000)
 Metaspace       used 142374K, capacity 154420K, committed 154584K, reserved 1183744K
  class space    used 18458K, capacity 20410K, committed 20440K, reserved 1048576K
Event: 27726.854 GC heap after
Heap after GC invocations=48 (full 4):
 PSYoungGen      total 287232K, used 12837K [0x00000000d5580000, 0x00000000eb080000, 0x0000000100000000)
  eden space 235520K, 0% used [0x00000000d5580000,0x00000000d5580000,0x00000000e3b80000)
  from space 51712K, 24% used [0x00000000e7e00000,0x00000000e8a89718,0x00000000eb080000)
  to   space 59904K, 0% used [0x00000000e3b80000,0x00000000e3b80000,0x00000000e7600000)
 ParOldGen       total 207360K, used 118654K [0x0000000080000000, 0x000000008ca80000, 0x00000000d5580000)
  object space 207360K, 57% used [0x0000000080000000,0x00000000873df9c8,0x000000008ca80000)
 Metaspace       used 142374K, capacity 154420K, committed 154584K, reserved 1183744K
  class space    used 18458K, capacity 20410K, committed 20440K, reserved 1048576K
}

