# JRE version: Java(TM) SE Runtime Environment (8.0_311-b11) (build 1.8.0_311-b11)
# Java VM: Java HotSpot(TM) 64-Bit Server VM (25.311-b11 mixed mode windows-amd64 compressed oops)
Heap:
 PSYoungGen      total 316928K, used 99692K [0x00000000d5580000, 0x00000000ef500000, 0x0000000100000000)
  eden space 291328K, 25% used [0x00000000d5580000,0x00000000d9ddd248,0x00000000e7200000)
  from space 25600K, 99% used [0x00000000e9e00000,0x00000000eb6fde50,0x00000000eb700000)
  to   space 45056K, 0% used [0x00000000e7200000,0x00000000e7200000,0x00000000e9e00000)
 ParOldGen       total 146432K, used 84041K [0x0000000080000000, 0x0000000088f00000, 0x00000000d5580000)
  object space 146432K, 57% used [0x0000000080000000,0x0000000085212580,0x0000000088f00000)
 Metaspace       used 82054K, capacity 86618K, committed 86744K, reserved 1124352K
  class space    used 11624K, capacity 12409K, committed 12504K, reserved 1048576K
GC Heap History (10 events):
Event: 4.426 GC heap before
{Heap before GC invocations=11 (full 2):
 PSYoungGen      total 219136K, used 205312K [0x00000000d5580000, 0x00000000e3c80000, 0x0000000100000000)
  eden space 205312K, 100% used [0x00000000d5580000,0x00000000e1e00000,0x00000000e1e00000)
  from space 13824K, 0% used [0x00000000e2b00000,0x00000000e2b00000,0x00000000e3880000)
  to   space 13312K, 0% used [0x00000000e1e00000,0x00000000e1e00000,0x00000000e2b00000)
 ParOldGen       total 90624K, used 14826K [0x0000000080000000, 0x0000000085880000, 0x00000000d5580000)
  object space 90624K, 16% used [0x0000000080000000,0x0000000080e7a898,0x0000000085880000)
 Metaspace       used 42961K, capacity 45128K, committed 45440K, reserved 1087488K
  class space    used 6002K, capacity 6410K, committed 6528K, reserved 1048576K
Event: 4.446 GC heap after
Heap after GC invocations=11 (full 2):
 PSYoungGen      total 218624K, used 13283K [0x00000000d5580000, 0x00000000e7580000, 0x0000000100000000)
  eden space 205312K, 0% used [0x00000000d5580000,0x00000000d5580000,0x00000000e1e00000)
  from space 13312K, 99% used [0x00000000e1e00000,0x00000000e2af8f98,0x00000000e2b00000)
  to   space 15360K, 0% used [0x00000000e6680000,0x00000000e6680000,0x00000000e7580000)
 ParOldGen       total 90624K, used 15881K [0x0000000080000000, 0x0000000085880000, 0x00000000d5580000)
  object space 90624K, 17% used [0x0000000080000000,0x0000000080f82770,0x0000000085880000)
 Metaspace       used 42961K, capacity 45128K, committed 45440K, reserved 1087488K
  class space    used 6002K, capacity 6410K, committed 6528K, reserved 1048576K
}
Event: 6.057 GC heap before
{Heap before GC invocations=12 (full 2):
 PSYoungGen      total 218624K, used 199986K [0x00000000d5580000, 0x00000000e7580000, 0x0000000100000000)
  eden space 205312K, 90% used [0x00000000d5580000,0x00000000e0bd3b48,0x00000000e1e00000)
  from space 13312K, 99% used [0x00000000e1e00000,0x00000000e2af8f98,0x00000000e2b00000)
  to   space 15360K, 0% used [0x00000000e6680000,0x00000000e6680000,0x00000000e7580000)
 ParOldGen       total 90624K, used 15881K [0x0000000080000000, 0x0000000085880000, 0x00000000d5580000)
  object space 90624K, 17% used [0x0000000080000000,0x0000000080f82770,0x0000000085880000)
 Metaspace       used 56492K, capacity 58924K, committed 59096K, reserved 1099776K
  class space    used 7863K, capacity 8346K, committed 8408K, reserved 1048576K
Event: 6.085 GC heap after
Heap after GC invocations=12 (full 2):
 PSYoungGen      total 273408K, used 15357K [0x00000000d5580000, 0x00000000e8080000, 0x0000000100000000)
  eden space 258048K, 0% used [0x00000000d5580000,0x00000000d5580000,0x00000000e5180000)
  from space 15360K, 99% used [0x00000000e6680000,0x00000000e757f718,0x00000000e7580000)
  to   space 21504K, 0% used [0x00000000e5180000,0x00000000e5180000,0x00000000e6680000)
 ParOldGen       total 90624K, used 28161K [0x0000000080000000, 0x0000000085880000, 0x00000000d5580000)
  object space 90624K, 31% used [0x0000000080000000,0x0000000081b80628,0x0000000085880000)
 Metaspace       used 56492K, capacity 58924K, committed 59096K, reserved 1099776K
  class space    used 7863K, capacity 8346K, committed 8408K, reserved 1048576K
}
Event: 6.085 GC heap before
{Heap before GC invocations=13 (full 3):
 PSYoungGen      total 273408K, used 15357K [0x00000000d5580000, 0x00000000e8080000, 0x0000000100000000)
  eden space 258048K, 0% used [0x00000000d5580000,0x00000000d5580000,0x00000000e5180000)
  from space 15360K, 99% used [0x00000000e6680000,0x00000000e757f718,0x00000000e7580000)
  to   space 21504K, 0% used [0x00000000e5180000,0x00000000e5180000,0x00000000e6680000)
 ParOldGen       total 90624K, used 28161K [0x0000000080000000, 0x0000000085880000, 0x00000000d5580000)
  object space 90624K, 31% used [0x0000000080000000,0x0000000081b80628,0x0000000085880000)
 Metaspace       used 56492K, capacity 58924K, committed 59096K, reserved 1099776K
  class space    used 7863K, capacity 8346K, committed 8408K, reserved 1048576K
Event: 6.256 GC heap after
Heap after GC invocations=13 (full 3):
 PSYoungGen      total 273408K, used 0K [0x00000000d5580000, 0x00000000e8080000, 0x0000000100000000)
  eden space 258048K, 0% used [0x00000000d5580000,0x00000000d5580000,0x00000000e5180000)
  from space 15360K, 0% used [0x00000000e6680000,0x00000000e6680000,0x00000000e7580000)
  to   space 21504K, 0% used [0x00000000e5180000,0x00000000e5180000,0x00000000e6680000)
 ParOldGen       total 146432K, used 39922K [0x0000000080000000, 0x0000000088f00000, 0x00000000d5580000)
  object space 146432K, 27% used [0x0000000080000000,0x00000000826fcab0,0x0000000088f00000)
 Metaspace       used 56490K, capacity 58918K, committed 59096K, reserved 1099776K
  class space    used 7863K, capacity 8345K, committed 8408K, reserved 1048576K
}
Event: 8.448 GC heap before
{Heap before GC invocations=14 (full 3):
 PSYoungGen      total 273408K, used 258048K [0x00000000d5580000, 0x00000000e8080000, 0x0000000100000000)
  eden space 258048K, 100% used [0x00000000d5580000,0x00000000e5180000,0x00000000e5180000)
  from space 15360K, 0% used [0x00000000e6680000,0x00000000e6680000,0x00000000e7580000)
  to   space 21504K, 0% used [0x00000000e5180000,0x00000000e5180000,0x00000000e6680000)
 ParOldGen       total 146432K, used 39922K [0x0000000080000000, 0x0000000088f00000, 0x00000000d5580000)
  object space 146432K, 27% used [0x0000000080000000,0x00000000826fcab0,0x0000000088f00000)
 Metaspace       used 70824K, capacity 74700K, committed 74968K, reserved 1114112K
  class space    used 10021K, capacity 10676K, committed 10712K, reserved 1048576K
Event: 8.473 GC heap after
Heap after GC invocations=14 (full 3):
 PSYoungGen      total 279552K, used 21476K [0x00000000d5580000, 0x00000000eb700000, 0x0000000100000000)
  eden space 258048K, 0% used [0x00000000d5580000,0x00000000d5580000,0x00000000e5180000)
  from space 21504K, 99% used [0x00000000e5180000,0x00000000e6679278,0x00000000e6680000)
  to   space 25600K, 0% used [0x00000000e9e00000,0x00000000e9e00000,0x00000000eb700000)
 ParOldGen       total 146432K, used 42344K [0x0000000080000000, 0x0000000088f00000, 0x00000000d5580000)
  object space 146432K, 28% used [0x0000000080000000,0x000000008295a2b8,0x0000000088f00000)
 Metaspace       used 70824K, capacity 74700K, committed 74968K, reserved 1114112K
  class space    used 10021K, capacity 10676K, committed 10712K, reserved 1048576K
}
Event: 9.844 GC heap before
{Heap before GC invocations=15 (full 3):
 PSYoungGen      total 279552K, used 279524K [0x00000000d5580000, 0x00000000eb700000, 0x0000000100000000)
  eden space 258048K, 100% used [0x00000000d5580000,0x00000000e5180000,0x00000000e5180000)
  from space 21504K, 99% used [0x00000000e5180000,0x00000000e6679278,0x00000000e6680000)
  to   space 25600K, 0% used [0x00000000e9e00000,0x00000000e9e00000,0x00000000eb700000)
 ParOldGen       total 146432K, used 42344K [0x0000000080000000, 0x0000000088f00000, 0x00000000d5580000)
  object space 146432K, 28% used [0x0000000080000000,0x000000008295a2b8,0x0000000088f00000)
 Metaspace       used 80687K, capacity 85038K, committed 85208K, reserved 1122304K
  class space    used 11472K, capacity 12213K, committed 12248K, reserved 1048576K
Event: 9.964 GC heap after
Heap after GC invocations=15 (full 3):
 PSYoungGen      total 316928K, used 25591K [0x00000000d5580000, 0x00000000ef500000, 0x0000000100000000)
  eden space 291328K, 0% used [0x00000000d5580000,0x00000000d5580000,0x00000000e7200000)
  from space 25600K, 99% used [0x00000000e9e00000,0x00000000eb6fde50,0x00000000eb700000)
  to   space 45056K, 0% used [0x00000000e7200000,0x00000000e7200000,0x00000000e9e00000)
 ParOldGen       total 146432K, used 84041K [0x0000000080000000, 0x0000000088f00000, 0x00000000d5580000)
  object space 146432K, 57% used [0x0000000080000000,0x0000000085212580,0x0000000088f00000)
 Metaspace       used 80687K, capacity 85038K, committed 85208K, reserved 1122304K
  class space    used 11472K, capacity 12213K, committed 12248K, reserved 1048576K
}

