# JRE version: OpenJDK Runtime Environment (17.0.6) (build 17.0.6+0-b2043.56-10027231)
# Java VM: OpenJDK 64-Bit Server VM (17.0.6+0-b2043.56-10027231, mixed mode, tiered, compressed oops, compressed class ptrs, g1 gc, windows-amd64)
GC Precious Log:
 CPUs: 4 total, 4 available
 Memory: 8053M
 Large Page Support: Disabled
 NUMA Support: Disabled
 Compressed Oops: Enabled (32-bit)
 Heap Region Size: 1M
 Heap Min Capacity: 256M
 Heap Initial Capacity: 256M
 Heap Max Capacity: 512M
 Pre-touch: Disabled
 Parallel Workers: 4
 Concurrent Workers: 1
 Concurrent Refinement Workers: 4
 Periodic GC: Disabled
Heap:
 garbage-first heap   total 307200K, used 180756K [0x00000000e0000000, 0x0000000100000000)
  region size 1024K, 7 young (7168K), 2 survivors (2048K)
 Metaspace       used 124057K, committed 125184K, reserved 327680K
  class space    used 16547K, committed 17088K, reserved 212992K
GC Heap History (20 events):
Event: 18.432 GC heap after
{Heap after GC invocations=18 (full 0):
 garbage-first heap   total 262144K, used 143537K [0x00000000e0000000, 0x0000000100000000)
  region size 1024K, 10 young (10240K), 10 survivors (10240K)
 Metaspace       used 101815K, committed 102720K, reserved 303104K
  class space    used 13732K, committed 14144K, reserved 212992K
}
Event: 18.450 GC heap before
{Heap before GC invocations=18 (full 0):
 garbage-first heap   total 262144K, used 145585K [0x00000000e0000000, 0x0000000100000000)
  region size 1024K, 12 young (12288K), 10 survivors (10240K)
 Metaspace       used 101884K, committed 102784K, reserved 303104K
  class space    used 13743K, committed 14144K, reserved 212992K
}
Event: 18.461 GC heap after
{Heap after GC invocations=19 (full 0):
 garbage-first heap   total 262144K, used 144280K [0x00000000e0000000, 0x0000000100000000)
  region size 1024K, 2 young (2048K), 2 survivors (2048K)
 Metaspace       used 101884K, committed 102784K, reserved 303104K
  class space    used 13743K, committed 14144K, reserved 212992K
}
Event: 231.842 GC heap before
{Heap before GC invocations=19 (full 0):
 garbage-first heap   total 262144K, used 214936K [0x00000000e0000000, 0x0000000100000000)
  region size 1024K, 72 young (73728K), 2 survivors (2048K)
 Metaspace       used 105279K, committed 106304K, reserved 311296K
  class space    used 14159K, committed 14656K, reserved 212992K
}
Event: 231.853 GC heap after
{Heap after GC invocations=20 (full 0):
 garbage-first heap   total 262144K, used 150155K [0x00000000e0000000, 0x0000000100000000)
  region size 1024K, 8 young (8192K), 8 survivors (8192K)
 Metaspace       used 105279K, committed 106304K, reserved 311296K
  class space    used 14159K, committed 14656K, reserved 212992K
}
Event: 232.617 GC heap before
{Heap before GC invocations=21 (full 0):
 garbage-first heap   total 276480K, used 215691K [0x00000000e0000000, 0x0000000100000000)
  region size 1024K, 73 young (74752K), 8 survivors (8192K)
 Metaspace       used 106909K, committed 107904K, reserved 311296K
  class space    used 14402K, committed 14848K, reserved 212992K
}
Event: 232.638 GC heap after
{Heap after GC invocations=22 (full 0):
 garbage-first heap   total 276480K, used 158947K [0x00000000e0000000, 0x0000000100000000)
  region size 1024K, 9 young (9216K), 9 survivors (9216K)
 Metaspace       used 106909K, committed 107904K, reserved 311296K
  class space    used 14402K, committed 14848K, reserved 212992K
}
Event: 232.706 GC heap before
{Heap before GC invocations=22 (full 0):
 garbage-first heap   total 276480K, used 163043K [0x00000000e0000000, 0x0000000100000000)
  region size 1024K, 13 young (13312K), 9 survivors (9216K)
 Metaspace       used 107746K, committed 108736K, reserved 311296K
  class space    used 14510K, committed 14976K, reserved 212992K
}
Event: 232.713 GC heap after
{Heap after GC invocations=23 (full 0):
 garbage-first heap   total 276480K, used 160018K [0x00000000e0000000, 0x0000000100000000)
  region size 1024K, 2 young (2048K), 2 survivors (2048K)
 Metaspace       used 107746K, committed 108736K, reserved 311296K
  class space    used 14510K, committed 14976K, reserved 212992K
}
Event: 233.517 GC heap before
{Heap before GC invocations=23 (full 0):
 garbage-first heap   total 276480K, used 225554K [0x00000000e0000000, 0x0000000100000000)
  region size 1024K, 67 young (68608K), 2 survivors (2048K)
 Metaspace       used 112348K, committed 113344K, reserved 311296K
  class space    used 15127K, committed 15616K, reserved 212992K
}
Event: 233.524 GC heap after
{Heap after GC invocations=24 (full 0):
 garbage-first heap   total 276480K, used 163462K [0x00000000e0000000, 0x0000000100000000)
  region size 1024K, 5 young (5120K), 5 survivors (5120K)
 Metaspace       used 112348K, committed 113344K, reserved 311296K
  class space    used 15127K, committed 15616K, reserved 212992K
}
Event: 284.728 GC heap before
{Heap before GC invocations=25 (full 0):
 garbage-first heap   total 291840K, used 227974K [0x00000000e0000000, 0x0000000100000000)
  region size 1024K, 69 young (70656K), 5 survivors (5120K)
 Metaspace       used 113925K, committed 115008K, reserved 319488K
  class space    used 15311K, committed 15808K, reserved 212992K
}
Event: 284.737 GC heap after
{Heap after GC invocations=26 (full 0):
 garbage-first heap   total 291840K, used 167909K [0x00000000e0000000, 0x0000000100000000)
  region size 1024K, 9 young (9216K), 9 survivors (9216K)
 Metaspace       used 113925K, committed 115008K, reserved 319488K
  class space    used 15311K, committed 15808K, reserved 212992K
}
Event: 284.772 GC heap before
{Heap before GC invocations=26 (full 0):
 garbage-first heap   total 291840K, used 173029K [0x00000000e0000000, 0x0000000100000000)
  region size 1024K, 14 young (14336K), 9 survivors (9216K)
 Metaspace       used 113929K, committed 115008K, reserved 319488K
  class space    used 15311K, committed 15808K, reserved 212992K
}
Event: 284.780 GC heap after
{Heap after GC invocations=27 (full 0):
 garbage-first heap   total 291840K, used 166461K [0x00000000e0000000, 0x0000000100000000)
  region size 1024K, 2 young (2048K), 2 survivors (2048K)
 Metaspace       used 113929K, committed 115008K, reserved 319488K
  class space    used 15311K, committed 15808K, reserved 212992K
}
Event: 285.379 GC heap before
{Heap before GC invocations=27 (full 0):
 garbage-first heap   total 291840K, used 241213K [0x00000000e0000000, 0x0000000100000000)
  region size 1024K, 75 young (76800K), 2 survivors (2048K)
 Metaspace       used 115678K, committed 116736K, reserved 319488K
  class space    used 15515K, committed 16000K, reserved 212992K
}
Event: 285.384 GC heap after
{Heap after GC invocations=28 (full 0):
 garbage-first heap   total 291840K, used 168970K [0x00000000e0000000, 0x0000000100000000)
  region size 1024K, 4 young (4096K), 4 survivors (4096K)
 Metaspace       used 115678K, committed 116736K, reserved 319488K
  class space    used 15515K, committed 16000K, reserved 212992K
}
Event: 292.253 GC heap before
{Heap before GC invocations=29 (full 0):
 garbage-first heap   total 307200K, used 241674K [0x00000000e0000000, 0x0000000100000000)
  region size 1024K, 76 young (77824K), 4 survivors (4096K)
 Metaspace       used 124026K, committed 125184K, reserved 327680K
  class space    used 16547K, committed 17088K, reserved 212992K
}
Event: 292.264 GC heap after
{Heap after GC invocations=30 (full 0):
 garbage-first heap   total 307200K, used 175642K [0x00000000e0000000, 0x0000000100000000)
  region size 1024K, 10 young (10240K), 10 survivors (10240K)
 Metaspace       used 124026K, committed 125184K, reserved 327680K
  class space    used 16547K, committed 17088K, reserved 212992K
}
Event: 292.542 GC heap before
{Heap before GC invocations=30 (full 0):
 garbage-first heap   total 307200K, used 179738K [0x00000000e0000000, 0x0000000100000000)
  region size 1024K, 15 young (15360K), 10 survivors (10240K)
 Metaspace       used 124057K, committed 125184K, reserved 327680K
  class space    used 16547K, committed 17088K, reserved 212992K
}

